<?xml version="1.0" encoding="UTF-8"?>
<testsuite xmlns:xsi="http://www.w3.org/2001/XMLSchema-instance" xsi:noNamespaceSchemaLocation="https://maven.apache.org/surefire/maven-surefire-plugin/xsd/surefire-test-report-3.0.xsd" version="3.0" name="generator.ArraySheetTest" time="0.306" tests="11" errors="0" skipped="0" failures="0">
  <properties>
[...]
</properties>
  <testcase name="testValidateLocationWithYinMinusandXOutOfRange" classname="generator.ArraySheetTest" time="0.301"/>
  <testcase name="testValidateLocationYOutOfRange" classname="generator.ArraySheetTest" time="0.001"/>
  <testcase name="testValidateLocationWithYinMinusRange" classname="generator.ArraySheetTest" time="0"/>
  <testcase name="testValidateLocationWithXinMinusRange" classname="generator.ArraySheetTest" time="0"/>
  <testcase name="testValidateLocationWithXandYOutOfRange" classname="generator.ArraySheetTest" time="0.001"/>
  <testcase name="testInitializeLocation" classname="generator.ArraySheetTest" time="0"/>
  <testcase name="testGetRows" classname="generator.ArraySheetTest" time="0.001"/>
  <testcase name="testValidateLocationWithXandYinMinusRange" classname="generator.ArraySheetTest" time="0"/>
  <testcase name="testValidateLocationWithinRange" classname="generator.ArraySheetTest" time="0"/>
  <testcase name="testGetColumns" classname="generator.ArraySheetTest" time="0"/>
  <testcase name="testValidateLocationWithXOutOfRange" classname="generator.ArraySheetTest" time="0.001"/>
</testsuite>